Running: /opt/Xilinx/14.6/ISE_DS/ISE/bin/lin64/unwrapped/fuse -relaunch -intstyle "ise" -incremental -lib "unisims_ver" -lib "unimacro_ver" -lib "xilinxcorelib_ver" -o "/home/csmajs/wbi002/Lab3_control_unit/lab3_control_tb_isim_beh.exe" -prj "/home/csmajs/wbi002/Lab3_control_unit/lab3_control_tb_beh.prj" "work.lab3_control_tb" "work.glbl" 
ISim P.68d (signature 0xfbc00daa)
Number of CPUs detected in this system: 8
Turning on mult-threading, number of parallel sub-compilation jobs: 16 
Determining compilation order of HDL files
Analyzing Verilog file "/home/csmajs/wbi002/Lab3_control_unit/../Lab3/control_unit.v" into library work
Analyzing Verilog file "/home/csmajs/wbi002/Lab3_control_unit/lab3_control_tb.v" into library work
Analyzing Verilog file "/opt/Xilinx/14.6/ISE_DS/ISE//verilog/src/glbl.v" into library work
Starting static elaboration
Completed static elaboration
Fuse Memory Usage: 94636 KB
Fuse CPU Usage: 950 ms
Compiling module control_unit
Compiling module lab3_control_tb
Compiling module glbl
Time Resolution for simulation is 1ps.
Waiting for 1 sub-compilation(s) to finish...
Compiled 3 Verilog Units
Built simulation executable /home/csmajs/wbi002/Lab3_control_unit/lab3_control_tb_isim_beh.exe
Fuse Memory Usage: 1179272 KB
Fuse CPU Usage: 960 ms
GCC CPU Usage: 160 ms
